<?xml version="1.0" encoding="UTF-8"?>
<!-- Generated by org.testng.reporters.JUnitReportReporter -->
<testsuite hostname="DESKTOP-KIS4N2E" failures="0" tests="1" name="Sample.demo3" time="8.922" errors="0" timestamp="2023-06-23T15:47:50 IST" skipped="0">
  <testcase classname="Sample.demo3" name="TC1" time="8.922"/>
  <system-out/>
</testsuite> <!-- Sample.demo3 -->
